<?xml version="1.0" encoding="UTF-8"?>
<!-- Generated by org.testng.reporters.JUnitXMLReporter -->
<testsuite ignored="0" hostname="IND-48NG453" failures="0" tests="3" name="Functional Test1" time="0.009" errors="0" timestamp="2021-03-14T21:57:36 IST">
  <testcase classname="FunctionalTestCases.test1" name="LogOff" time="0.001"/>
  <testcase classname="FunctionalTestCases.test1" name="Login" time="0.001"/>
  <testcase classname="FunctionalTestCases.test1" name="ValidateUser" time="0.001"/>
</testsuite> <!-- Functional Test1 -->
