<?xml version="1.0" encoding="UTF-8"?>
<!-- Generated by org.testng.reporters.JUnitXMLReporter -->
<testsuite ignored="0" hostname="IND-48NG453" failures="0" tests="100" name="Default test" time="0.154" errors="0" timestamp="2021-03-21T00:56:17 IST">
  <testcase classname="TestCases.InvocationAndThreadCount" name="test" time="0.011"/>
  <testcase classname="TestCases.InvocationAndThreadCount" name="test" time="0.011"/>
  <testcase classname="TestCases.InvocationAndThreadCount" name="test" time="0.01"/>
  <testcase classname="TestCases.InvocationAndThreadCount" name="test" time="0.01"/>
  <testcase classname="TestCases.InvocationAndThreadCount" name="test" time="0.011"/>
  <testcase classname="TestCases.InvocationAndThreadCount" name="test" time="0.0"/>
  <testcase classname="TestCases.InvocationAndThreadCount" name="test" time="0.002"/>
  <testcase classname="TestCases.InvocationAndThreadCount" name="test" time="0.002"/>
  <testcase classname="TestCases.InvocationAndThreadCount" name="test" time="0.003"/>
  <testcase classname="TestCases.InvocationAndThreadCount" name="test" time="0.004"/>
  <testcase classname="TestCases.InvocationAndThreadCount" name="test" time="0.001"/>
  <testcase classname="TestCases.InvocationAndThreadCount" name="test" time="0.002"/>
  <testcase classname="TestCases.InvocationAndThreadCount" name="test" time="0.003"/>
  <testcase classname="TestCases.InvocationAndThreadCount" name="test" time="0.001"/>
  <testcase classname="TestCases.InvocationAndThreadCount" name="test" time="0.002"/>
  <testcase classname="TestCases.InvocationAndThreadCount" name="test" time="0.004"/>
  <testcase classname="TestCases.InvocationAndThreadCount" name="test" time="0.005"/>
  <testcase classname="TestCases.InvocationAndThreadCount" name="test" time="0.005"/>
  <testcase classname="TestCases.InvocationAndThreadCount" name="test" time="0.001"/>
  <testcase classname="TestCases.InvocationAndThreadCount" name="test" time="0.003"/>
  <testcase classname="TestCases.InvocationAndThreadCount" name="test" time="0.002"/>
  <testcase classname="TestCases.InvocationAndThreadCount" name="test" time="0.001"/>
  <testcase classname="TestCases.InvocationAndThreadCount" name="test" time="0.001"/>
  <testcase classname="TestCases.InvocationAndThreadCount" name="test" time="0.005"/>
  <testcase classname="TestCases.InvocationAndThreadCount" name="test" time="0.0"/>
  <testcase classname="TestCases.InvocationAndThreadCount" name="test" time="0.004"/>
  <testcase classname="TestCases.InvocationAndThreadCount" name="test" time="0.001"/>
  <testcase classname="TestCases.InvocationAndThreadCount" name="test" time="0.001"/>
  <testcase classname="TestCases.InvocationAndThreadCount" name="test" time="0.001"/>
  <testcase classname="TestCases.InvocationAndThreadCount" name="test" time="0.002"/>
  <testcase classname="TestCases.InvocationAndThreadCount" name="test" time="0.002"/>
  <testcase classname="TestCases.InvocationAndThreadCount" name="test" time="0.005"/>
  <testcase classname="TestCases.InvocationAndThreadCount" name="test" time="0.004"/>
  <testcase classname="TestCases.InvocationAndThreadCount" name="test" time="0.001"/>
  <testcase classname="TestCases.InvocationAndThreadCount" name="test" time="0.001"/>
  <testcase classname="TestCases.InvocationAndThreadCount" name="test" time="0.002"/>
  <testcase classname="TestCases.InvocationAndThreadCount" name="test" time="0.001"/>
  <testcase classname="TestCases.InvocationAndThreadCount" name="test" time="0.001"/>
  <testcase classname="TestCases.InvocationAndThreadCount" name="test" time="0.002"/>
  <testcase classname="TestCases.InvocationAndThreadCount" name="test" time="0.003"/>
  <testcase classname="TestCases.InvocationAndThreadCount" name="test" time="0.004"/>
  <testcase classname="TestCases.InvocationAndThreadCount" name="test" time="0.001"/>
  <testcase classname="TestCases.InvocationAndThreadCount" name="test" time="0.002"/>
  <testcase classname="TestCases.InvocationAndThreadCount" name="test" time="0.003"/>
  <testcase classname="TestCases.InvocationAndThreadCount" name="test" time="0.001"/>
  <testcase classname="TestCases.InvocationAndThreadCount" name="test" time="0.009"/>
  <testcase classname="TestCases.InvocationAndThreadCount" name="test" time="0.007"/>
  <testcase classname="TestCases.InvocationAndThreadCount" name="test" time="0.009"/>
  <testcase classname="TestCases.InvocationAndThreadCount" name="test" time="0.011"/>
  <testcase classname="TestCases.InvocationAndThreadCount" name="test" time="0.001"/>
  <testcase classname="TestCases.InvocationAndThreadCount" name="test" time="0.001"/>
  <testcase classname="TestCases.InvocationAndThreadCount" name="test" time="0.003"/>
  <testcase classname="TestCases.InvocationAndThreadCount" name="test" time="0.002"/>
  <testcase classname="TestCases.InvocationAndThreadCount" name="test" time="0.003"/>
  <testcase classname="TestCases.InvocationAndThreadCount" name="test" time="0.001"/>
  <testcase classname="TestCases.InvocationAndThreadCount" name="test" time="0.002"/>
  <testcase classname="TestCases.InvocationAndThreadCount" name="test" time="0.003"/>
  <testcase classname="TestCases.InvocationAndThreadCount" name="test" time="0.001"/>
  <testcase classname="TestCases.InvocationAndThreadCount" name="test" time="0.001"/>
  <testcase classname="TestCases.InvocationAndThreadCount" name="test" time="0.002"/>
  <testcase classname="TestCases.InvocationAndThreadCount" name="test" time="0.001"/>
  <testcase classname="TestCases.InvocationAndThreadCount" name="test" time="0.003"/>
  <testcase classname="TestCases.InvocationAndThreadCount" name="test" time="0.001"/>
  <testcase classname="TestCases.InvocationAndThreadCount" name="test" time="0.003"/>
  <testcase classname="TestCases.InvocationAndThreadCount" name="test" time="0.003"/>
  <testcase classname="TestCases.InvocationAndThreadCount" name="test" time="0.002"/>
  <testcase classname="TestCases.InvocationAndThreadCount" name="test" time="0.0"/>
  <testcase classname="TestCases.InvocationAndThreadCount" name="test" time="0.002"/>
  <testcase classname="TestCases.InvocationAndThreadCount" name="test" time="0.001"/>
  <testcase classname="TestCases.InvocationAndThreadCount" name="test" time="0.002"/>
  <testcase classname="TestCases.InvocationAndThreadCount" name="test" time="0.004"/>
  <testcase classname="TestCases.InvocationAndThreadCount" name="test" time="0.003"/>
  <testcase classname="TestCases.InvocationAndThreadCount" name="test" time="0.001"/>
  <testcase classname="TestCases.InvocationAndThreadCount" name="test" time="0.001"/>
  <testcase classname="TestCases.InvocationAndThreadCount" name="test" time="0.001"/>
  <testcase classname="TestCases.InvocationAndThreadCount" name="test" time="0.003"/>
  <testcase classname="TestCases.InvocationAndThreadCount" name="test" time="0.0"/>
  <testcase classname="TestCases.InvocationAndThreadCount" name="test" time="0.001"/>
  <testcase classname="TestCases.InvocationAndThreadCount" name="test" time="0.002"/>
  <testcase classname="TestCases.InvocationAndThreadCount" name="test" time="0.001"/>
  <testcase classname="TestCases.InvocationAndThreadCount" name="test" time="0.0"/>
  <testcase classname="TestCases.InvocationAndThreadCount" name="test" time="0.001"/>
  <testcase classname="TestCases.InvocationAndThreadCount" name="test" time="0.0"/>
  <testcase classname="TestCases.InvocationAndThreadCount" name="test" time="0.002"/>
  <testcase classname="TestCases.InvocationAndThreadCount" name="test" time="0.001"/>
  <testcase classname="TestCases.InvocationAndThreadCount" name="test" time="0.001"/>
  <testcase classname="TestCases.InvocationAndThreadCount" name="test" time="0.004"/>
  <testcase classname="TestCases.InvocationAndThreadCount" name="test" time="0.002"/>
  <testcase classname="TestCases.InvocationAndThreadCount" name="test" time="0.0"/>
  <testcase classname="TestCases.InvocationAndThreadCount" name="test" time="0.001"/>
  <testcase classname="TestCases.InvocationAndThreadCount" name="test" time="0.002"/>
  <testcase classname="TestCases.InvocationAndThreadCount" name="test" time="0.001"/>
  <testcase classname="TestCases.InvocationAndThreadCount" name="test" time="0.002"/>
  <testcase classname="TestCases.InvocationAndThreadCount" name="test" time="0.003"/>
  <testcase classname="TestCases.InvocationAndThreadCount" name="test" time="0.004"/>
  <testcase classname="TestCases.InvocationAndThreadCount" name="test" time="0.001"/>
  <testcase classname="TestCases.InvocationAndThreadCount" name="test" time="0.001"/>
  <testcase classname="TestCases.InvocationAndThreadCount" name="test" time="0.001"/>
  <testcase classname="TestCases.InvocationAndThreadCount" name="test" time="0.002"/>
  <testcase classname="TestCases.InvocationAndThreadCount" name="test" time="0.001"/>
</testsuite> <!-- Default test -->
