<?xml version="1.0" encoding="UTF-8"?>
<!-- Generated by org.testng.reporters.JUnitXMLReporter -->
<testsuite ignored="0" hostname="IND-48NG453" failures="0" tests="4" name="Add customer Test" time="3.442" errors="0" timestamp="13 Mar 2021 20:29:37 GMT">
  <testcase classname="com.accruent.testcases.AddCustomer" name="AddCustomer" time="0.481"/>
  <testcase classname="com.accruent.testcases.AddCustomer" name="AddCustomer" time="0.367"/>
  <testcase classname="com.accruent.testcases.AddCustomer" name="AddCustomer" time="0.411"/>
  <testcase classname="com.accruent.testcases.AddCustomer" name="AddCustomer" time="0.451"/>
</testsuite> <!-- Add customer Test -->
