<?xml version="1.0" encoding="UTF-8"?>
<!-- Generated by org.testng.reporters.JUnitXMLReporter -->
<testsuite ignored="0" hostname="IND-48NG453" failures="1" tests="3" name="Test1" time="0.049" errors="0" timestamp="2021-04-04T22:45:27 IST">
  <testcase classname="TestCases.test1" name="LogOff" time="0.006">
    <failure type="java.lang.AssertionError" message="null">
      <![CDATA[java.lang.AssertionError: null
at TestCases.test1.LogOff(test1.java:38)
at java.base/java.util.ArrayList.forEach(ArrayList.java:1541)
... Removed 29 stack frames]]>
    </failure>
  </testcase> <!-- LogOff -->
  <testcase classname="TestCases.test1" name="Login" time="0.002"/>
  <testcase classname="TestCases.test1" name="ValidateUser" time="0.001"/>
</testsuite> <!-- Test1 -->
