<?xml version="1.0" encoding="UTF-8"?>
<!-- Generated by org.testng.reporters.JUnitXMLReporter -->
<testsuite ignored="0" hostname="IND-48NG453" failures="0" tests="4" name="Add customer Test" time="3.948" errors="0" timestamp="04 Apr 2021 19:16:05 GMT">
  <testcase classname="com.accruent.testcases.AddCustomer" name="AddCustomer" time="0.607"/>
  <testcase classname="com.accruent.testcases.AddCustomer" name="AddCustomer" time="0.389"/>
  <testcase classname="com.accruent.testcases.AddCustomer" name="AddCustomer" time="0.339"/>
  <testcase classname="com.accruent.testcases.AddCustomer" name="AddCustomer" time="0.397"/>
</testsuite> <!-- Add customer Test -->
