<?xml version="1.0" encoding="UTF-8"?>
<testng-results ignored="0" total="2" passed="2" failed="0" skipped="0">
  <reporter-output>
    <line>
      <![CDATA[CAPTURING SCREENSHOT]]>
    </line>
    <line>
      <![CDATA[<a target="_blank"href=Sun_Apr_04_23_32_25_IST_2021>Screenshot</a>]]>
    </line>
    <line>
      <![CDATA[<br>]]>
    </line>
    <line>
      <![CDATA[<a target="_blank"href=Sun_Apr_04_23_32_25_IST_2021 height=200 width=200></a>]]>
    </line>
    <line>
      <![CDATA[CAPTURING SCREENSHOT]]>
    </line>
    <line>
      <![CDATA[<a target="_blank"href=Sun_Apr_04_23_32_26_IST_2021>Screenshot</a>]]>
    </line>
    <line>
      <![CDATA[<br>]]>
    </line>
    <line>
      <![CDATA[<a target="_blank"href=Sun_Apr_04_23_32_26_IST_2021 height=200 width=200></a>]]>
    </line>
  </reporter-output>
  <suite started-at="2021-04-04T18:02:07Z" name="Page Object Model TestSuite" finished-at="2021-04-04T18:02:26Z" duration-ms="19093">
    <groups>
    </groups>
    <test started-at="2021-04-04T18:02:07Z" name="Test1" finished-at="2021-04-04T18:02:25Z" duration-ms="18256">
      <class name="com.accruent.testcases.LoginValidation">
        <test-method signature="logInValidation()[pri:0, instance:com.accruent.testcases.LoginValidation@4defd42]" started-at="2021-04-04T18:02:07Z" name="logInValidation" finished-at="2021-04-04T18:02:22Z" duration-ms="14685" status="PASS">
          <reporter-output>
            <line>
              <![CDATA[CAPTURING SCREENSHOT]]>
            </line>
            <line>
              <![CDATA[<a target="_blank"href=Sun_Apr_04_23_32_25_IST_2021>Screenshot</a>]]>
            </line>
            <line>
              <![CDATA[<br>]]>
            </line>
            <line>
              <![CDATA[<a target="_blank"href=Sun_Apr_04_23_32_25_IST_2021 height=200 width=200></a>]]>
            </line>
          </reporter-output>
        </test-method> <!-- logInValidation -->
      </class> <!-- com.accruent.testcases.LoginValidation -->
    </test> <!-- Test1 -->
    <test started-at="2021-04-04T18:02:25Z" name="Test2" finished-at="2021-04-04T18:02:26Z" duration-ms="813">
      <class name="com.accruent.testcases.VerifyBookNow">
        <test-method signature="booknow()[pri:0, instance:com.accruent.testcases.VerifyBookNow@2d9f64c9]" started-at="2021-04-04T18:02:25Z" name="booknow" finished-at="2021-04-04T18:02:25Z" duration-ms="1" status="PASS">
          <reporter-output>
            <line>
              <![CDATA[CAPTURING SCREENSHOT]]>
            </line>
            <line>
              <![CDATA[<a target="_blank"href=Sun_Apr_04_23_32_26_IST_2021>Screenshot</a>]]>
            </line>
            <line>
              <![CDATA[<br>]]>
            </line>
            <line>
              <![CDATA[<a target="_blank"href=Sun_Apr_04_23_32_26_IST_2021 height=200 width=200></a>]]>
            </line>
          </reporter-output>
        </test-method> <!-- booknow -->
      </class> <!-- com.accruent.testcases.VerifyBookNow -->
      <class name="com.accruent.testcases.LoginValidation">
        <test-method is-config="true" signature="tearDown()[pri:0, instance:com.accruent.testcases.LoginValidation@4defd42]" started-at="2021-04-04T18:02:26Z" name="tearDown" finished-at="2021-04-04T18:02:27Z" duration-ms="1018" status="PASS">
          <reporter-output>
          </reporter-output>
        </test-method> <!-- tearDown -->
      </class> <!-- com.accruent.testcases.LoginValidation -->
    </test> <!-- Test2 -->
  </suite> <!-- Page Object Model TestSuite -->
</testng-results>
