<?xml version="1.0" encoding="UTF-8"?>
<testng-results ignored="0" total="2" passed="2" failed="0" skipped="0">
  <reporter-output>
    <line>
      <![CDATA[CAPTURING SCREENSHOT]]>
    </line>
    <line>
      <![CDATA[<a target="_blank"href=Mon_Apr_05_01_14_57_IST_2021>Screenshot</a>]]>
    </line>
    <line>
      <![CDATA[<br>]]>
    </line>
    <line>
      <![CDATA[<a target="_blank"href=Mon_Apr_05_01_14_57_IST_2021 height=200 width=200></a>]]>
    </line>
    <line>
      <![CDATA[CAPTURING SCREENSHOT]]>
    </line>
    <line>
      <![CDATA[<a target="_blank"href=Mon_Apr_05_01_14_58_IST_2021>Screenshot</a>]]>
    </line>
    <line>
      <![CDATA[<br>]]>
    </line>
    <line>
      <![CDATA[<a target="_blank"href=Mon_Apr_05_01_14_58_IST_2021 height=200 width=200></a>]]>
    </line>
  </reporter-output>
  <suite started-at="2021-04-04T19:44:43Z" name="Page Object Model TestSuite" finished-at="2021-04-04T19:44:58Z" duration-ms="15138">
    <groups>
    </groups>
    <test started-at="2021-04-04T19:44:43Z" name="Test1" finished-at="2021-04-04T19:44:57Z" duration-ms="14719">
      <class name="com.accruent.testcases.LoginValidation">
        <test-method signature="logInValidation()[pri:0, instance:com.accruent.testcases.LoginValidation@6dfcffb5]" started-at="2021-04-04T19:44:43Z" name="logInValidation" finished-at="2021-04-04T19:44:56Z" duration-ms="12855" status="PASS">
          <reporter-output>
            <line>
              <![CDATA[CAPTURING SCREENSHOT]]>
            </line>
            <line>
              <![CDATA[<a target="_blank"href=Mon_Apr_05_01_14_57_IST_2021>Screenshot</a>]]>
            </line>
            <line>
              <![CDATA[<br>]]>
            </line>
            <line>
              <![CDATA[<a target="_blank"href=Mon_Apr_05_01_14_57_IST_2021 height=200 width=200></a>]]>
            </line>
          </reporter-output>
        </test-method> <!-- logInValidation -->
      </class> <!-- com.accruent.testcases.LoginValidation -->
    </test> <!-- Test1 -->
    <test started-at="2021-04-04T19:44:57Z" name="Test2" finished-at="2021-04-04T19:44:58Z" duration-ms="399">
      <class name="com.accruent.testcases.VerifyBookNow">
        <test-method signature="booknow()[pri:0, instance:com.accruent.testcases.VerifyBookNow@3681037]" started-at="2021-04-04T19:44:57Z" name="booknow" finished-at="2021-04-04T19:44:57Z" duration-ms="0" status="PASS">
          <reporter-output>
            <line>
              <![CDATA[CAPTURING SCREENSHOT]]>
            </line>
            <line>
              <![CDATA[<a target="_blank"href=Mon_Apr_05_01_14_58_IST_2021>Screenshot</a>]]>
            </line>
            <line>
              <![CDATA[<br>]]>
            </line>
            <line>
              <![CDATA[<a target="_blank"href=Mon_Apr_05_01_14_58_IST_2021 height=200 width=200></a>]]>
            </line>
          </reporter-output>
        </test-method> <!-- booknow -->
      </class> <!-- com.accruent.testcases.VerifyBookNow -->
      <class name="com.accruent.testcases.LoginValidation">
        <test-method is-config="true" signature="tearDown()[pri:0, instance:com.accruent.testcases.LoginValidation@6dfcffb5]" started-at="2021-04-04T19:44:58Z" name="tearDown" finished-at="2021-04-04T19:44:59Z" duration-ms="986" status="PASS">
          <reporter-output>
          </reporter-output>
        </test-method> <!-- tearDown -->
      </class> <!-- com.accruent.testcases.LoginValidation -->
    </test> <!-- Test2 -->
  </suite> <!-- Page Object Model TestSuite -->
</testng-results>
