<?xml version="1.0" encoding="UTF-8"?>
<!-- Generated by org.testng.reporters.JUnitXMLReporter -->
<testsuite ignored="0" hostname="IND-48NG453" failures="0" tests="3" name="FunctionalTest2" time="0.007" errors="0" timestamp="2021-03-14T21:34:44 IST">
  <testcase classname="TestCases.test2" name="LogOff" time="0.001"/>
  <testcase classname="TestCases.test2" name="Login" time="0.001"/>
  <testcase classname="TestCases.test2" name="ValidateUser" time="0.001"/>
</testsuite> <!-- FunctionalTest2 -->
