<?xml version="1.0" encoding="UTF-8"?>
<testng-results ignored="0" total="6" passed="6" failed="0" skipped="0">
  <reporter-output>
    <line>
      <![CDATA[<br>VErification failure :expected [abc] but found [xyz]<br>]]>
    </line>
    <line>
      <![CDATA[<a target="_blank"href=Mon_Apr_05_00_46_00_IST_2021 height=200 width=200></a>]]>
    </line>
    <line>
      <![CDATA[<br>]]>
    </line>
    <line>
      <![CDATA[<br>]]>
    </line>
    <line>
      <![CDATA[CAPTURING SCREENSHOT]]>
    </line>
    <line>
      <![CDATA[<a target="_blank"href=Mon_Apr_05_00_46_00_IST_2021>Screenshot</a>]]>
    </line>
    <line>
      <![CDATA[<br>]]>
    </line>
    <line>
      <![CDATA[<a target="_blank"href=Mon_Apr_05_00_46_00_IST_2021 height=200 width=200></a>]]>
    </line>
    <line>
      <![CDATA[CAPTURING SCREENSHOT]]>
    </line>
    <line>
      <![CDATA[<a target="_blank"href=Mon_Apr_05_00_46_02_IST_2021>Screenshot</a>]]>
    </line>
    <line>
      <![CDATA[<br>]]>
    </line>
    <line>
      <![CDATA[<a target="_blank"href=Mon_Apr_05_00_46_02_IST_2021 height=200 width=200></a>]]>
    </line>
    <line>
      <![CDATA[CAPTURING SCREENSHOT]]>
    </line>
    <line>
      <![CDATA[<a target="_blank"href=Mon_Apr_05_00_46_03_IST_2021>Screenshot</a>]]>
    </line>
    <line>
      <![CDATA[<br>]]>
    </line>
    <line>
      <![CDATA[<a target="_blank"href=Mon_Apr_05_00_46_03_IST_2021 height=200 width=200></a>]]>
    </line>
    <line>
      <![CDATA[CAPTURING SCREENSHOT]]>
    </line>
    <line>
      <![CDATA[<a target="_blank"href=Mon_Apr_05_00_46_04_IST_2021>Screenshot</a>]]>
    </line>
    <line>
      <![CDATA[<br>]]>
    </line>
    <line>
      <![CDATA[<a target="_blank"href=Mon_Apr_05_00_46_04_IST_2021 height=200 width=200></a>]]>
    </line>
    <line>
      <![CDATA[CAPTURING SCREENSHOT]]>
    </line>
    <line>
      <![CDATA[<a target="_blank"href=Mon_Apr_05_00_46_05_IST_2021>Screenshot</a>]]>
    </line>
    <line>
      <![CDATA[<br>]]>
    </line>
    <line>
      <![CDATA[<a target="_blank"href=Mon_Apr_05_00_46_05_IST_2021 height=200 width=200></a>]]>
    </line>
    <line>
      <![CDATA[CAPTURING SCREENSHOT]]>
    </line>
    <line>
      <![CDATA[<a target="_blank"href=Mon_Apr_05_00_46_06_IST_2021>Screenshot</a>]]>
    </line>
    <line>
      <![CDATA[<br>]]>
    </line>
    <line>
      <![CDATA[<a target="_blank"href=Mon_Apr_05_00_46_06_IST_2021 height=200 width=200></a>]]>
    </line>
  </reporter-output>
  <suite started-at="2021-04-04T19:15:59Z" name="Data Driven Framework" finished-at="2021-04-04T19:16:06Z" duration-ms="6507">
    <groups>
    </groups>
    <test started-at="2021-04-04T19:15:59Z" name="Bank Manager Login Test" finished-at="2021-04-04T19:16:01Z" duration-ms="1462">
      <class name="com.accruent.testcases.LoginTest">
        <test-method signature="loginAsBankManager()[pri:0, instance:com.accruent.testcases.LoginTest@76304b46]" started-at="2021-04-04T19:15:59Z" name="loginAsBankManager" finished-at="2021-04-04T19:16:00Z" duration-ms="663" status="PASS">
          <reporter-output>
            <line>
              <![CDATA[<br>VErification failure :expected [abc] but found [xyz]<br>]]>
            </line>
            <line>
              <![CDATA[<a target="_blank"href=Mon_Apr_05_00_46_00_IST_2021 height=200 width=200></a>]]>
            </line>
            <line>
              <![CDATA[<br>]]>
            </line>
            <line>
              <![CDATA[<br>]]>
            </line>
            <line>
              <![CDATA[CAPTURING SCREENSHOT]]>
            </line>
            <line>
              <![CDATA[<a target="_blank"href=Mon_Apr_05_00_46_00_IST_2021>Screenshot</a>]]>
            </line>
            <line>
              <![CDATA[<br>]]>
            </line>
            <line>
              <![CDATA[<a target="_blank"href=Mon_Apr_05_00_46_00_IST_2021 height=200 width=200></a>]]>
            </line>
          </reporter-output>
        </test-method> <!-- loginAsBankManager -->
      </class> <!-- com.accruent.testcases.LoginTest -->
    </test> <!-- Bank Manager Login Test -->
    <test started-at="2021-04-04T19:16:01Z" name="Add customer Test" finished-at="2021-04-04T19:16:05Z" duration-ms="3948">
      <class name="com.accruent.testcases.AddCustomer">
        <test-method signature="AddCustomer(java.lang.String, java.lang.String, java.lang.String, java.lang.String)[pri:0, instance:com.accruent.testcases.AddCustomer@654c1a54]" started-at="2021-04-04T19:16:01Z" name="AddCustomer" finished-at="2021-04-04T19:16:01Z" duration-ms="607" status="PASS">
          <params>
            <param index="0">
              <value>
                <![CDATA[Sangram]]>
              </value>
            </param>
            <param index="1">
              <value>
                <![CDATA[Das]]>
              </value>
            </param>
            <param index="2">
              <value>
                <![CDATA[1231.0]]>
              </value>
            </param>
            <param index="3">
              <value>
                <![CDATA[Customer added successfully]]>
              </value>
            </param>
          </params>
          <reporter-output>
            <line>
              <![CDATA[CAPTURING SCREENSHOT]]>
            </line>
            <line>
              <![CDATA[<a target="_blank"href=Mon_Apr_05_00_46_02_IST_2021>Screenshot</a>]]>
            </line>
            <line>
              <![CDATA[<br>]]>
            </line>
            <line>
              <![CDATA[<a target="_blank"href=Mon_Apr_05_00_46_02_IST_2021 height=200 width=200></a>]]>
            </line>
          </reporter-output>
        </test-method> <!-- AddCustomer -->
        <test-method signature="AddCustomer(java.lang.String, java.lang.String, java.lang.String, java.lang.String)[pri:0, instance:com.accruent.testcases.AddCustomer@654c1a54]" started-at="2021-04-04T19:16:02Z" name="AddCustomer" finished-at="2021-04-04T19:16:03Z" duration-ms="389" status="PASS">
          <params>
            <param index="0">
              <value>
                <![CDATA[Sangram]]>
              </value>
            </param>
            <param index="1">
              <value>
                <![CDATA[Das]]>
              </value>
            </param>
            <param index="2">
              <value>
                <![CDATA[1232.0]]>
              </value>
            </param>
            <param index="3">
              <value>
                <![CDATA[Customer added successfully]]>
              </value>
            </param>
          </params>
          <reporter-output>
            <line>
              <![CDATA[CAPTURING SCREENSHOT]]>
            </line>
            <line>
              <![CDATA[<a target="_blank"href=Mon_Apr_05_00_46_03_IST_2021>Screenshot</a>]]>
            </line>
            <line>
              <![CDATA[<br>]]>
            </line>
            <line>
              <![CDATA[<a target="_blank"href=Mon_Apr_05_00_46_03_IST_2021 height=200 width=200></a>]]>
            </line>
          </reporter-output>
        </test-method> <!-- AddCustomer -->
        <test-method signature="AddCustomer(java.lang.String, java.lang.String, java.lang.String, java.lang.String)[pri:0, instance:com.accruent.testcases.AddCustomer@654c1a54]" started-at="2021-04-04T19:16:03Z" name="AddCustomer" finished-at="2021-04-04T19:16:03Z" duration-ms="339" status="PASS">
          <params>
            <param index="0">
              <value>
                <![CDATA[Sangram]]>
              </value>
            </param>
            <param index="1">
              <value>
                <![CDATA[Das]]>
              </value>
            </param>
            <param index="2">
              <value>
                <![CDATA[1233.0]]>
              </value>
            </param>
            <param index="3">
              <value>
                <![CDATA[Customer added successfully]]>
              </value>
            </param>
          </params>
          <reporter-output>
            <line>
              <![CDATA[CAPTURING SCREENSHOT]]>
            </line>
            <line>
              <![CDATA[<a target="_blank"href=Mon_Apr_05_00_46_04_IST_2021>Screenshot</a>]]>
            </line>
            <line>
              <![CDATA[<br>]]>
            </line>
            <line>
              <![CDATA[<a target="_blank"href=Mon_Apr_05_00_46_04_IST_2021 height=200 width=200></a>]]>
            </line>
          </reporter-output>
        </test-method> <!-- AddCustomer -->
        <test-method signature="AddCustomer(java.lang.String, java.lang.String, java.lang.String, java.lang.String)[pri:0, instance:com.accruent.testcases.AddCustomer@654c1a54]" started-at="2021-04-04T19:16:04Z" name="AddCustomer" finished-at="2021-04-04T19:16:04Z" duration-ms="397" status="PASS">
          <params>
            <param index="0">
              <value>
                <![CDATA[Sangram]]>
              </value>
            </param>
            <param index="1">
              <value>
                <![CDATA[Das]]>
              </value>
            </param>
            <param index="2">
              <value>
                <![CDATA[1234.0]]>
              </value>
            </param>
            <param index="3">
              <value>
                <![CDATA[Customer added successfully]]>
              </value>
            </param>
          </params>
          <reporter-output>
            <line>
              <![CDATA[CAPTURING SCREENSHOT]]>
            </line>
            <line>
              <![CDATA[<a target="_blank"href=Mon_Apr_05_00_46_05_IST_2021>Screenshot</a>]]>
            </line>
            <line>
              <![CDATA[<br>]]>
            </line>
            <line>
              <![CDATA[<a target="_blank"href=Mon_Apr_05_00_46_05_IST_2021 height=200 width=200></a>]]>
            </line>
          </reporter-output>
        </test-method> <!-- AddCustomer -->
      </class> <!-- com.accruent.testcases.AddCustomer -->
    </test> <!-- Add customer Test -->
    <test started-at="2021-04-04T19:16:05Z" name="Open Account Test" finished-at="2021-04-04T19:16:06Z" duration-ms="1062">
      <class name="com.accruent.testcases.OpenAccountTest">
        <test-method is-config="true" signature="setUp()[pri:0, instance:com.accruent.testcases.OpenAccountTest@7de4a01f]" started-at="2021-04-04T19:15:55Z" name="setUp" finished-at="2021-04-04T19:15:59Z" duration-ms="4090" status="PASS">
          <reporter-output>
          </reporter-output>
        </test-method> <!-- setUp -->
        <test-method signature="openAccountTest(java.lang.String, java.lang.String)[pri:0, instance:com.accruent.testcases.OpenAccountTest@7de4a01f]" started-at="2021-04-04T19:16:05Z" name="openAccountTest" finished-at="2021-04-04T19:16:05Z" duration-ms="587" status="PASS">
          <params>
            <param index="0">
              <value>
                <![CDATA[Sangram Das]]>
              </value>
            </param>
            <param index="1">
              <value>
                <![CDATA[Rupee]]>
              </value>
            </param>
          </params>
          <reporter-output>
            <line>
              <![CDATA[CAPTURING SCREENSHOT]]>
            </line>
            <line>
              <![CDATA[<a target="_blank"href=Mon_Apr_05_00_46_06_IST_2021>Screenshot</a>]]>
            </line>
            <line>
              <![CDATA[<br>]]>
            </line>
            <line>
              <![CDATA[<a target="_blank"href=Mon_Apr_05_00_46_06_IST_2021 height=200 width=200></a>]]>
            </line>
          </reporter-output>
        </test-method> <!-- openAccountTest -->
        <test-method is-config="true" signature="tearDown()[pri:0, instance:com.accruent.testcases.OpenAccountTest@7de4a01f]" started-at="2021-04-04T19:16:06Z" name="tearDown" finished-at="2021-04-04T19:16:07Z" duration-ms="904" status="PASS">
          <reporter-output>
          </reporter-output>
        </test-method> <!-- tearDown -->
      </class> <!-- com.accruent.testcases.OpenAccountTest -->
    </test> <!-- Open Account Test -->
  </suite> <!-- Data Driven Framework -->
</testng-results>
