<?xml version="1.0" encoding="UTF-8"?>
<testng-results ignored="0" total="6" passed="6" failed="0" skipped="0">
  <reporter-output>
    <line>
      <![CDATA[<br>VErification failure :expected [abc] but found [xyz]<br>]]>
    </line>
    <line>
      <![CDATA[<a target="_blank"href=Sun_Mar_14_01_59_32_IST_2021 height=200 width=200></a>]]>
    </line>
    <line>
      <![CDATA[<br>]]>
    </line>
    <line>
      <![CDATA[<br>]]>
    </line>
    <line>
      <![CDATA[CAPTURING SCREENSHOT]]>
    </line>
    <line>
      <![CDATA[<a target="_blank"href=Sun_Mar_14_01_59_33_IST_2021>Screenshot</a>]]>
    </line>
    <line>
      <![CDATA[<br>]]>
    </line>
    <line>
      <![CDATA[<a target="_blank"href=Sun_Mar_14_01_59_33_IST_2021 height=200 width=200></a>]]>
    </line>
    <line>
      <![CDATA[CAPTURING SCREENSHOT]]>
    </line>
    <line>
      <![CDATA[<a target="_blank"href=Sun_Mar_14_01_59_34_IST_2021>Screenshot</a>]]>
    </line>
    <line>
      <![CDATA[<br>]]>
    </line>
    <line>
      <![CDATA[<a target="_blank"href=Sun_Mar_14_01_59_34_IST_2021 height=200 width=200></a>]]>
    </line>
    <line>
      <![CDATA[CAPTURING SCREENSHOT]]>
    </line>
    <line>
      <![CDATA[<a target="_blank"href=Sun_Mar_14_01_59_35_IST_2021>Screenshot</a>]]>
    </line>
    <line>
      <![CDATA[<br>]]>
    </line>
    <line>
      <![CDATA[<a target="_blank"href=Sun_Mar_14_01_59_35_IST_2021 height=200 width=200></a>]]>
    </line>
    <line>
      <![CDATA[CAPTURING SCREENSHOT]]>
    </line>
    <line>
      <![CDATA[<a target="_blank"href=Sun_Mar_14_01_59_36_IST_2021>Screenshot</a>]]>
    </line>
    <line>
      <![CDATA[<br>]]>
    </line>
    <line>
      <![CDATA[<a target="_blank"href=Sun_Mar_14_01_59_36_IST_2021 height=200 width=200></a>]]>
    </line>
    <line>
      <![CDATA[CAPTURING SCREENSHOT]]>
    </line>
    <line>
      <![CDATA[<a target="_blank"href=Sun_Mar_14_01_59_37_IST_2021>Screenshot</a>]]>
    </line>
    <line>
      <![CDATA[<br>]]>
    </line>
    <line>
      <![CDATA[<a target="_blank"href=Sun_Mar_14_01_59_37_IST_2021 height=200 width=200></a>]]>
    </line>
    <line>
      <![CDATA[CAPTURING SCREENSHOT]]>
    </line>
    <line>
      <![CDATA[<a target="_blank"href=Sun_Mar_14_01_59_37_IST_2021>Screenshot</a>]]>
    </line>
    <line>
      <![CDATA[<br>]]>
    </line>
    <line>
      <![CDATA[<a target="_blank"href=Sun_Mar_14_01_59_37_IST_2021 height=200 width=200></a>]]>
    </line>
  </reporter-output>
  <suite started-at="2021-03-13T20:29:32Z" name="Data Driven Framework" finished-at="2021-03-13T20:29:38Z" duration-ms="5638">
    <groups>
    </groups>
    <test started-at="2021-03-13T20:29:32Z" name="Bank Manager Login Test" finished-at="2021-03-13T20:29:33Z" duration-ms="1331">
      <class name="com.accruent.testcases.LoginTest">
        <test-method signature="loginAsBankManager()[pri:0, instance:com.accruent.testcases.LoginTest@7daa61f3]" started-at="2021-03-13T20:29:32Z" name="loginAsBankManager" finished-at="2021-03-13T20:29:33Z" duration-ms="715" status="PASS">
          <reporter-output>
            <line>
              <![CDATA[<br>VErification failure :expected [abc] but found [xyz]<br>]]>
            </line>
            <line>
              <![CDATA[<a target="_blank"href=Sun_Mar_14_01_59_32_IST_2021 height=200 width=200></a>]]>
            </line>
            <line>
              <![CDATA[<br>]]>
            </line>
            <line>
              <![CDATA[<br>]]>
            </line>
            <line>
              <![CDATA[CAPTURING SCREENSHOT]]>
            </line>
            <line>
              <![CDATA[<a target="_blank"href=Sun_Mar_14_01_59_33_IST_2021>Screenshot</a>]]>
            </line>
            <line>
              <![CDATA[<br>]]>
            </line>
            <line>
              <![CDATA[<a target="_blank"href=Sun_Mar_14_01_59_33_IST_2021 height=200 width=200></a>]]>
            </line>
          </reporter-output>
        </test-method> <!-- loginAsBankManager -->
      </class> <!-- com.accruent.testcases.LoginTest -->
    </test> <!-- Bank Manager Login Test -->
    <test started-at="2021-03-13T20:29:33Z" name="Add customer Test" finished-at="2021-03-13T20:29:37Z" duration-ms="3442">
      <class name="com.accruent.testcases.AddCustomer">
        <test-method signature="AddCustomer(java.lang.String, java.lang.String, java.lang.String, java.lang.String)[pri:0, instance:com.accruent.testcases.AddCustomer@7f9e1534]" started-at="2021-03-13T20:29:33Z" name="AddCustomer" finished-at="2021-03-13T20:29:34Z" duration-ms="481" status="PASS">
          <params>
            <param index="0">
              <value>
                <![CDATA[Sangram]]>
              </value>
            </param>
            <param index="1">
              <value>
                <![CDATA[Das]]>
              </value>
            </param>
            <param index="2">
              <value>
                <![CDATA[1231.0]]>
              </value>
            </param>
            <param index="3">
              <value>
                <![CDATA[Customer added successfully]]>
              </value>
            </param>
          </params>
          <reporter-output>
            <line>
              <![CDATA[CAPTURING SCREENSHOT]]>
            </line>
            <line>
              <![CDATA[<a target="_blank"href=Sun_Mar_14_01_59_34_IST_2021>Screenshot</a>]]>
            </line>
            <line>
              <![CDATA[<br>]]>
            </line>
            <line>
              <![CDATA[<a target="_blank"href=Sun_Mar_14_01_59_34_IST_2021 height=200 width=200></a>]]>
            </line>
          </reporter-output>
        </test-method> <!-- AddCustomer -->
        <test-method signature="AddCustomer(java.lang.String, java.lang.String, java.lang.String, java.lang.String)[pri:0, instance:com.accruent.testcases.AddCustomer@7f9e1534]" started-at="2021-03-13T20:29:34Z" name="AddCustomer" finished-at="2021-03-13T20:29:35Z" duration-ms="367" status="PASS">
          <params>
            <param index="0">
              <value>
                <![CDATA[Sangram]]>
              </value>
            </param>
            <param index="1">
              <value>
                <![CDATA[Das]]>
              </value>
            </param>
            <param index="2">
              <value>
                <![CDATA[1232.0]]>
              </value>
            </param>
            <param index="3">
              <value>
                <![CDATA[Customer added successfully]]>
              </value>
            </param>
          </params>
          <reporter-output>
            <line>
              <![CDATA[CAPTURING SCREENSHOT]]>
            </line>
            <line>
              <![CDATA[<a target="_blank"href=Sun_Mar_14_01_59_35_IST_2021>Screenshot</a>]]>
            </line>
            <line>
              <![CDATA[<br>]]>
            </line>
            <line>
              <![CDATA[<a target="_blank"href=Sun_Mar_14_01_59_35_IST_2021 height=200 width=200></a>]]>
            </line>
          </reporter-output>
        </test-method> <!-- AddCustomer -->
        <test-method signature="AddCustomer(java.lang.String, java.lang.String, java.lang.String, java.lang.String)[pri:0, instance:com.accruent.testcases.AddCustomer@7f9e1534]" started-at="2021-03-13T20:29:35Z" name="AddCustomer" finished-at="2021-03-13T20:29:35Z" duration-ms="411" status="PASS">
          <params>
            <param index="0">
              <value>
                <![CDATA[Sangram]]>
              </value>
            </param>
            <param index="1">
              <value>
                <![CDATA[Das]]>
              </value>
            </param>
            <param index="2">
              <value>
                <![CDATA[1233.0]]>
              </value>
            </param>
            <param index="3">
              <value>
                <![CDATA[Customer added successfully]]>
              </value>
            </param>
          </params>
          <reporter-output>
            <line>
              <![CDATA[CAPTURING SCREENSHOT]]>
            </line>
            <line>
              <![CDATA[<a target="_blank"href=Sun_Mar_14_01_59_36_IST_2021>Screenshot</a>]]>
            </line>
            <line>
              <![CDATA[<br>]]>
            </line>
            <line>
              <![CDATA[<a target="_blank"href=Sun_Mar_14_01_59_36_IST_2021 height=200 width=200></a>]]>
            </line>
          </reporter-output>
        </test-method> <!-- AddCustomer -->
        <test-method signature="AddCustomer(java.lang.String, java.lang.String, java.lang.String, java.lang.String)[pri:0, instance:com.accruent.testcases.AddCustomer@7f9e1534]" started-at="2021-03-13T20:29:36Z" name="AddCustomer" finished-at="2021-03-13T20:29:36Z" duration-ms="451" status="PASS">
          <params>
            <param index="0">
              <value>
                <![CDATA[Sangram]]>
              </value>
            </param>
            <param index="1">
              <value>
                <![CDATA[Das]]>
              </value>
            </param>
            <param index="2">
              <value>
                <![CDATA[1234.0]]>
              </value>
            </param>
            <param index="3">
              <value>
                <![CDATA[Customer added successfully]]>
              </value>
            </param>
          </params>
          <reporter-output>
            <line>
              <![CDATA[CAPTURING SCREENSHOT]]>
            </line>
            <line>
              <![CDATA[<a target="_blank"href=Sun_Mar_14_01_59_37_IST_2021>Screenshot</a>]]>
            </line>
            <line>
              <![CDATA[<br>]]>
            </line>
            <line>
              <![CDATA[<a target="_blank"href=Sun_Mar_14_01_59_37_IST_2021 height=200 width=200></a>]]>
            </line>
          </reporter-output>
        </test-method> <!-- AddCustomer -->
      </class> <!-- com.accruent.testcases.AddCustomer -->
    </test> <!-- Add customer Test -->
    <test started-at="2021-03-13T20:29:37Z" name="Open Account Test" finished-at="2021-03-13T20:29:38Z" duration-ms="837">
      <class name="com.accruent.testcases.OpenAccountTest">
        <test-method is-config="true" signature="setUp()[pri:0, instance:com.accruent.testcases.OpenAccountTest@1bd81830]" started-at="2021-03-13T20:29:28Z" name="setUp" finished-at="2021-03-13T20:29:32Z" duration-ms="3967" status="PASS">
          <reporter-output>
          </reporter-output>
        </test-method> <!-- setUp -->
        <test-method signature="openAccountTest(java.lang.String, java.lang.String)[pri:0, instance:com.accruent.testcases.OpenAccountTest@1bd81830]" started-at="2021-03-13T20:29:37Z" name="openAccountTest" finished-at="2021-03-13T20:29:37Z" duration-ms="467" status="PASS">
          <params>
            <param index="0">
              <value>
                <![CDATA[Sangram Das]]>
              </value>
            </param>
            <param index="1">
              <value>
                <![CDATA[Rupee]]>
              </value>
            </param>
          </params>
          <reporter-output>
            <line>
              <![CDATA[CAPTURING SCREENSHOT]]>
            </line>
            <line>
              <![CDATA[<a target="_blank"href=Sun_Mar_14_01_59_37_IST_2021>Screenshot</a>]]>
            </line>
            <line>
              <![CDATA[<br>]]>
            </line>
            <line>
              <![CDATA[<a target="_blank"href=Sun_Mar_14_01_59_37_IST_2021 height=200 width=200></a>]]>
            </line>
          </reporter-output>
        </test-method> <!-- openAccountTest -->
        <test-method is-config="true" signature="tearDown()[pri:0, instance:com.accruent.testcases.OpenAccountTest@1bd81830]" started-at="2021-03-13T20:29:38Z" name="tearDown" finished-at="2021-03-13T20:29:38Z" duration-ms="784" status="PASS">
          <reporter-output>
          </reporter-output>
        </test-method> <!-- tearDown -->
      </class> <!-- com.accruent.testcases.OpenAccountTest -->
    </test> <!-- Open Account Test -->
  </suite> <!-- Data Driven Framework -->
</testng-results>
